<?xml version="1.0" encoding="UTF-8"?>
<testng-results skipped="0" failed="0" ignored="0" total="1" passed="1">
  <reporter-output>
  </reporter-output>
  <suite name="Surefire suite" duration-ms="4263" started-at="2022-08-22T05:40:55Z" finished-at="2022-08-22T05:40:59Z">
    <groups>
    </groups>
    <test name="Surefire test" duration-ms="4263" started-at="2022-08-22T05:40:55Z" finished-at="2022-08-22T05:40:59Z">
      <class name="com.testcases.TestClass">
        <test-method status="PASS" signature="beforeTest()[pri:0, instance:com.testcases.TestClass@2a2c13a8]" name="beforeTest" is-config="true" duration-ms="14" started-at="2022-08-22T05:40:55Z" finished-at="2022-08-22T05:40:55Z">
          <reporter-output>
          </reporter-output>
        </test-method> <!-- beforeTest -->
        <test-method status="PASS" signature="test()[pri:0, instance:com.testcases.TestClass@2a2c13a8]" name="test" duration-ms="3513" started-at="2022-08-22T05:40:55Z" finished-at="2022-08-22T05:40:58Z">
          <reporter-output>
          </reporter-output>
        </test-method> <!-- test -->
        <test-method status="PASS" signature="afterTest()[pri:0, instance:com.testcases.TestClass@2a2c13a8]" name="afterTest" is-config="true" duration-ms="703" started-at="2022-08-22T05:40:58Z" finished-at="2022-08-22T05:40:59Z">
          <reporter-output>
          </reporter-output>
        </test-method> <!-- afterTest -->
      </class> <!-- com.testcases.TestClass -->
    </test> <!-- Surefire test -->
  </suite> <!-- Surefire suite -->
</testng-results>
