<?xml version="1.0" encoding="UTF-8"?>
<testng-results skipped="0" failed="0" ignored="0" total="1" passed="1">
  <reporter-output>
  </reporter-output>
  <suite name="Suite" duration-ms="4529" started-at="2022-08-22T05:03:26Z" finished-at="2022-08-22T05:03:30Z">
    <groups>
    </groups>
    <test name="Test" duration-ms="4529" started-at="2022-08-22T05:03:26Z" finished-at="2022-08-22T05:03:30Z">
      <class name="com.testcases.TestClass">
        <test-method status="PASS" signature="beforeTest()[pri:0, instance:com.testcases.TestClass@1698fc68]" name="beforeTest" is-config="true" duration-ms="21" started-at="2022-08-22T05:03:26Z" finished-at="2022-08-22T05:03:26Z">
          <reporter-output>
          </reporter-output>
        </test-method> <!-- beforeTest -->
        <test-method status="PASS" signature="test()[pri:0, instance:com.testcases.TestClass@1698fc68]" name="test" duration-ms="3664" started-at="2022-08-22T05:03:26Z" finished-at="2022-08-22T05:03:29Z">
          <reporter-output>
          </reporter-output>
        </test-method> <!-- test -->
        <test-method status="PASS" signature="afterTest()[pri:0, instance:com.testcases.TestClass@1698fc68]" name="afterTest" is-config="true" duration-ms="806" started-at="2022-08-22T05:03:29Z" finished-at="2022-08-22T05:03:30Z">
          <reporter-output>
          </reporter-output>
        </test-method> <!-- afterTest -->
      </class> <!-- com.testcases.TestClass -->
    </test> <!-- Test -->
  </suite> <!-- Suite -->
</testng-results>
