<?xml version="1.0" encoding="UTF-8"?>
<testng-results skipped="0" failed="0" ignored="1" total="1" passed="0">
  <reporter-output>
  </reporter-output>
  <suite name="Suite" duration-ms="743" started-at="2022-08-23T16:02:07Z" finished-at="2022-08-23T16:02:08Z">
    <groups>
    </groups>
    <test name="Test" duration-ms="743" started-at="2022-08-23T16:02:07Z" finished-at="2022-08-23T16:02:08Z">
      <class name="com.testcases.TestClass">
        <test-method status="PASS" signature="beforeTest()[pri:0, instance:com.testcases.TestClass@34997338]" name="beforeTest" is-config="true" duration-ms="18" started-at="2022-08-23T16:02:07Z" finished-at="2022-08-23T16:02:07Z">
          <reporter-output>
          </reporter-output>
        </test-method> <!-- beforeTest -->
        <test-method status="PASS" signature="afterTest()[pri:0, instance:com.testcases.TestClass@34997338]" name="afterTest" is-config="true" duration-ms="718" started-at="2022-08-23T16:02:07Z" finished-at="2022-08-23T16:02:08Z">
          <reporter-output>
          </reporter-output>
        </test-method> <!-- afterTest -->
      </class> <!-- com.testcases.TestClass -->
    </test> <!-- Test -->
  </suite> <!-- Suite -->
</testng-results>
